Removed Pin From Net: NetName=+5 Pin=3-5V
Removed Pin From Net: NetName=A0 Pin=3-A0
Removed Pin From Net: NetName=A1 Pin=3-A1
Removed Pin From Net: NetName=A2 Pin=3-A2
Removed Pin From Net: NetName=A3 Pin=3-A3
Removed Pin From Net: NetName=A4 Pin=3-A4
Removed Pin From Net: NetName=A5 Pin=3-A5
Removed Pin From Net: NetName=GND Pin=3-GND
Removed Pin From Net: NetName=GND Pin=3-GND
Removed Pin From Net: NetName=GND Pin=3-GND
Removed Pin From Net: NetName=GND Pin=3-GND
Removed Pin From Net: NetName=GND Pin=3-GND
Removed Pin From Net: NetName=GND Pin=3-GND
Removed Pin From Net: NetName=LI3 Pin=3-~3
Removed Pin From Net: NetName=HI3 Pin=3-~5
Removed Pin From Net: NetName=LI2 Pin=3-~6
Removed Pin From Net: NetName=HI2 Pin=3-~9
Removed Pin From Net: NetName=LI1 Pin=3-~10
Removed Pin From Net: NetName=HI1 Pin=3-~11
Added Component: Designator=Arduino?(ARDUINO_A000066)
Add component (AddParameter): Name = "Value"; Value = "Cau 1A"; VariantName = "[No Variations]"
Added Component: Designator=IC1(SO08)
Added Component: Designator=IC2(SO08)
Added Component: Designator=IC3(SO08)
Added Component: Designator=U5(XFMR_ZMPT101B)
Added Component: Designator=U6(XFMR_ZMPT101B)
Added Component: Designator=U7(XFMR_ZMPT101B)
Added Pin To Net: NetName=+5 Pin=Arduino?-5V
Added Pin To Net: NetName=A0 Pin=Arduino?-A0
Added Pin To Net: NetName=A1 Pin=Arduino?-A1
Added Pin To Net: NetName=A2 Pin=Arduino?-A2
Added Pin To Net: NetName=A3 Pin=Arduino?-A3
Added Pin To Net: NetName=A4 Pin=Arduino?-A4
Added Pin To Net: NetName=A5 Pin=Arduino?-A5
Add Pin To Net: Unknown Pin: Pin Arduino?-GND
Add Pin To Net: Unknown Pin: Pin Arduino?-~3
Add Pin To Net: Unknown Pin: Pin Arduino?-~5
Add Pin To Net: Unknown Pin: Pin Arduino?-~6
Add Pin To Net: Unknown Pin: Pin Arduino?-~9
Add Pin To Net: Unknown Pin: Pin Arduino?-~10
Add Pin To Net: Unknown Pin: Pin Arduino?-~11
Added Pin To Net: NetName=IP1+ Pin=IC1-1
Added Pin To Net: NetName=IP1+ Pin=IC1-2
Added Pin To Net: NetName=IP1- Pin=IC1-3
Added Pin To Net: NetName=IP1- Pin=IC1-4
Added Pin To Net: NetName=A0 Pin=IC1-7
Added Pin To Net: NetName=5V Pin=IC1-8
Added Pin To Net: NetName=IP2+ Pin=IC2-1
Added Pin To Net: NetName=IP2+ Pin=IC2-2
Added Pin To Net: NetName=IP2- Pin=IC2-3
Added Pin To Net: NetName=IP2- Pin=IC2-4
Added Pin To Net: NetName=A1 Pin=IC2-7
Added Pin To Net: NetName=5V Pin=IC2-8
Added Pin To Net: NetName=IP3+ Pin=IC3-1
Added Pin To Net: NetName=IP3+ Pin=IC3-2
Added Pin To Net: NetName=IP3- Pin=IC3-3
Added Pin To Net: NetName=IP3- Pin=IC3-4
Added Pin To Net: NetName=A2 Pin=IC3-7
Added Pin To Net: NetName=5V Pin=IC3-8
Added Pin To Net: NetName=5V Pin=U5-1
Added Pin To Net: NetName=A3 Pin=U5-2
Added Pin To Net: NetName=GND Pin=U5-3
Add Pin To Net: Unknown Pin: Pin U5-5
Add Pin To Net: Unknown Pin: Pin U5-6
Added Pin To Net: NetName=5V Pin=U6-1
Added Pin To Net: NetName=A4 Pin=U6-2
Added Pin To Net: NetName=GND Pin=U6-3
Add Pin To Net: Unknown Pin: Pin U6-5
Add Pin To Net: Unknown Pin: Pin U6-6
Added Pin To Net: NetName=5V Pin=U7-1
Added Pin To Net: NetName=A5 Pin=U7-2
Added Pin To Net: NetName=GND Pin=U7-3
Add Pin To Net: Unknown Pin: Pin U7-5
Add Pin To Net: Unknown Pin: Pin U7-6
Added Class: Name=Current_Voltage_Sensor
Added Class: Name=MCU
