Removed Pin From Net: NetName=GND Pin=C6-1
Removed Pin From Net: NetName=+24V Pin=C6-2
Removed Pin From Net: NetName=GND Pin=C7-1
Removed Pin From Net: NetName=+24V Pin=C7-2
Removed Pin From Net: NetName=GND Pin=C8-1
Removed Pin From Net: NetName=+24V Pin=C8-2
Change Component Footprint: Designator=C6 Old Footprint=CAP_0402 New Footprint=C3MM
Change Component Footprint: Designator=C7 Old Footprint=CAP_0402 New Footprint=C3MM
Change Component Footprint: Designator=C8 Old Footprint=CAP_0402 New Footprint=C3MM
Change Component Comment : Designator=C6 Old Comment=104 New Comment=Cap Pol
Change Component Comment : Designator=C7 Old Comment=104 New Comment=Cap Pol
Change Component Comment : Designator=C8 Old Comment=104 New Comment=Cap Pol
Change component parameters: Designator = "C6" ("C6"); Footprint = "CAP_0402"; UniqueID = "\QKQPWWQW" ("\QKQPWWQW")
Change component parameters (AddParameter): Name = "LatestRevisionDate"; Value = "17-Jul-2002"; VariantName = "[No Variations]"
Change component parameters (AddParameter): Name = "LatestRevisionNote"; Value = "Re-released for DXP Platform."; VariantName = "[No Variations]"
Change component parameters (AddParameter): Name = "PackageReference"; Value = "POLAR0.8"; VariantName = "[No Variations]"
Change component parameters (AddParameter): Name = "Published"; Value = "8-Jun-2000"; VariantName = "[No Variations]"
Change component parameters (AddParameter): Name = "Publisher"; Value = "Altium Limited"; VariantName = "[No Variations]"
Change component parameters: Designator = "C7" ("C7"); Footprint = "CAP_0402"; UniqueID = "\MYDWPXNT" ("\MYDWPXNT")
Change component parameters (AddParameter): Name = "LatestRevisionDate"; Value = "17-Jul-2002"; VariantName = "[No Variations]"
Change component parameters (AddParameter): Name = "LatestRevisionNote"; Value = "Re-released for DXP Platform."; VariantName = "[No Variations]"
Change component parameters (AddParameter): Name = "PackageReference"; Value = "POLAR0.8"; VariantName = "[No Variations]"
Change component parameters (AddParameter): Name = "Published"; Value = "8-Jun-2000"; VariantName = "[No Variations]"
Change component parameters (AddParameter): Name = "Publisher"; Value = "Altium Limited"; VariantName = "[No Variations]"
Change component parameters: Designator = "C8" ("C8"); Footprint = "CAP_0402"; UniqueID = "\HXCHUMPP" ("\HXCHUMPP")
Change component parameters (AddParameter): Name = "LatestRevisionDate"; Value = "17-Jul-2002"; VariantName = "[No Variations]"
Change component parameters (AddParameter): Name = "LatestRevisionNote"; Value = "Re-released for DXP Platform."; VariantName = "[No Variations]"
Change component parameters (AddParameter): Name = "PackageReference"; Value = "POLAR0.8"; VariantName = "[No Variations]"
Change component parameters (AddParameter): Name = "Published"; Value = "8-Jun-2000"; VariantName = "[No Variations]"
Change component parameters (AddParameter): Name = "Publisher"; Value = "Altium Limited"; VariantName = "[No Variations]"
Added Pin To Net: NetName=+24V Pin=C6-1
Added Pin To Net: NetName=GND Pin=C6-2
Added Pin To Net: NetName=+24V Pin=C7-1
Added Pin To Net: NetName=GND Pin=C7-2
Added Pin To Net: NetName=+24V Pin=C8-1
Added Pin To Net: NetName=GND Pin=C8-2
Added Member To Class: ClassName=DKS Member=Component C 0.1uF
Added Member To Class: ClassName=DKS Member=Component r 6.6m
Added Member To Class: ClassName=DKS Member=Component r 6.6m
Added Room: Name=DKS
