Removed Pin From Net: NetName=LI3 Pin=Arduino Uno R3-8
Removed Pin From Net: NetName=LI1 Pin=Arduino Uno R3-12
Removed Pin From Net: NetName=HI1 Pin=Arduino Uno R3-13
Removed Pin From Net: NetName=GND Pin=Arduino Uno R3-GND
Removed Pin From Net: NetName=GND Pin=Arduino Uno R3-GND
Removed Pin From Net: NetName=GND Pin=Arduino Uno R3-GND
Removed Pin From Net: NetName=GND Pin=Arduino Uno R3-GND
Removed Pin From Net: NetName=GND Pin=Arduino Uno R3-GND
Removed Pin From Net: NetName=GND Pin=Arduino Uno R3-GND
Removed Pin From Net: NetName=VCC Pin=Arduino Uno R3-Vin
Removed Pin From Net: NetName=HI3 Pin=Arduino Uno R3-~9
Removed Pin From Net: NetName=LI2 Pin=Arduino Uno R3-~10
Removed Pin From Net: NetName=HI2 Pin=Arduino Uno R3-~11
Removed Pin From Net: NetName=VCC Pin=C4-1
Removed Pin From Net: NetName=GND Pin=C4-2
Removed Pin From Net: NetName=+24V Pin=C6-1
Removed Pin From Net: NetName=GND Pin=C6-2
Removed Pin From Net: NetName=+24V Pin=C7-1
Removed Pin From Net: NetName=+24V Pin=C8-1
Removed Pin From Net: NetName=GND Pin=C8-2
Removed Pin From Net: NetName=GND Pin=C9-1
Removed Pin From Net: NetName=GND Pin=C10-1
Removed Pin From Net: NetName=GND Pin=C11-1
Removed Pin From Net: NetName=GND Pin=C-1
Removed Pin From Net: NetName=VCC Pin=C-2
Removed Pin From Net: NetName=GND Pin=IC1-5
Removed Pin From Net: NetName=VCC Pin=IC1-8
Removed Pin From Net: NetName=GND Pin=R1-2
Removed Pin From Net: NetName=GND Pin=R2-2
Removed Pin From Net: NetName=GND Pin=R3-2
Removed Pin From Net: NetName=HI2 Pin=U1-2
Removed Pin From Net: NetName=LI2 Pin=U1-3
Removed Pin From Net: NetName=NetQ5_1 Pin=U1-5
Removed Pin From Net: NetName=NetQ2_1 Pin=U1-7
Removed Pin From Net: NetName=HI1 Pin=U2-2
Removed Pin From Net: NetName=LI1 Pin=U2-3
Removed Pin From Net: NetName=NetQ6_1 Pin=U2-5
Removed Pin From Net: NetName=NetQ3_1 Pin=U2-7
Removed Pin From Net: NetName=HI3 Pin=U-2
Removed Pin From Net: NetName=LI3 Pin=U-3
Removed Pin From Net: NetName=GND Pin=U-4
Removed Pin From Net: NetName=NetQ4_1 Pin=U-5
Removed Pin From Net: NetName=NetQ1_1 Pin=U-7
Removed Member From Class: ClassName=DKS Member=Arduino Uno R3
Removed Member From Class: ClassName=DKS Member=C1
Removed Member From Class: ClassName=DKS Member=C2
Removed Member From Class: ClassName=DKS Member=C9
Removed Member From Class: ClassName=DKS Member=C10
Removed Member From Class: ClassName=DKS Member=C11
Removed Member From Class: ClassName=DKS Member=C12
Removed Member From Class: ClassName=DKS Member=C13
Removed Member From Class: ClassName=DKS Member=C14
Removed Member From Class: ClassName=DKS Member=C
Removed Member From Class: ClassName=DKS Member=D1
Removed Member From Class: ClassName=DKS Member=HD1
Removed Member From Class: ClassName=DKS Member=IC1
Removed Member From Class: ClassName=DKS Member=L1
Removed Member From Class: ClassName=DKS Member=Q1
Removed Member From Class: ClassName=DKS Member=Q2
Removed Member From Class: ClassName=DKS Member=Q3
Removed Member From Class: ClassName=DKS Member=Q4
Removed Member From Class: ClassName=DKS Member=Q5
Removed Member From Class: ClassName=DKS Member=Q6
Removed Member From Class: ClassName=DKS Member=R1
Removed Member From Class: ClassName=DKS Member=R2
Removed Member From Class: ClassName=DKS Member=R3
Removed Member From Class: ClassName=DKS Member=r
Removed Member From Class: ClassName=DKS Member=U3
Removed Member From Class: ClassName=DKS Member=U
Change Component Footprint: Designator=C9 Old Footprint=CAP_0402 New Footprint=C3MM
Change Component Footprint: Designator=C10 Old Footprint=CAP_0402 New Footprint=C3MM
Change Component Footprint: Designator=C11 Old Footprint=CAP_0402 New Footprint=C3MM
Change Component Comment : Designator=C9 Old Comment=47uF New Comment=10uF/50V
Change Component Comment : Designator=C10 Old Comment=47uF New Comment=10uF/50V
Change Component Comment : Designator=C11 Old Comment=47uF New Comment=10uF/50V
Change Component Comment : Designator=C3 Old Comment=Cap Pol New Comment=10uF/25V
Change Component Comment : Designator=C4 Old Comment=Cap Pol New Comment=10uF/25V
Change Component Comment : Designator=C5 Old Comment=Cap Pol New Comment=10uF/25V
Change Component Comment : Designator=C6 Old Comment=Cap Pol New Comment=10uF/25V
Change Component Comment : Designator=C7 Old Comment=Cap Pol New Comment=10uF/25V
Change Component Comment : Designator=C8 Old Comment=Cap Pol New Comment=10uF/25V
Change component parameters: Designator = "C9" ("C9"); Footprint = "CAP_0402"; UniqueID = "\AJIDWGWZ" ("\AJIDWGWZ")
Change component parameters (AddParameter): Name = "LatestRevisionDate"; Value = "17-Jul-2002"; VariantName = "[No Variations]"
Change component parameters (AddParameter): Name = "LatestRevisionNote"; Value = "Re-released for DXP Platform."; VariantName = "[No Variations]"
Change component parameters (AddParameter): Name = "PackageReference"; Value = "POLAR0.8"; VariantName = "[No Variations]"
Change component parameters (AddParameter): Name = "Published"; Value = "8-Jun-2000"; VariantName = "[No Variations]"
Change component parameters (AddParameter): Name = "Publisher"; Value = "Altium Limited"; VariantName = "[No Variations]"
Change component parameters: Designator = "C10" ("C10"); Footprint = "CAP_0402"; UniqueID = "\PXVXCKFY" ("\PXVXCKFY")
Change component parameters (AddParameter): Name = "LatestRevisionDate"; Value = "17-Jul-2002"; VariantName = "[No Variations]"
Change component parameters (AddParameter): Name = "LatestRevisionNote"; Value = "Re-released for DXP Platform."; VariantName = "[No Variations]"
Change component parameters (AddParameter): Name = "PackageReference"; Value = "POLAR0.8"; VariantName = "[No Variations]"
Change component parameters (AddParameter): Name = "Published"; Value = "8-Jun-2000"; VariantName = "[No Variations]"
Change component parameters (AddParameter): Name = "Publisher"; Value = "Altium Limited"; VariantName = "[No Variations]"
Change component parameters: Designator = "C11" ("C11"); Footprint = "CAP_0402"; UniqueID = "\RADQXBCR" ("\RADQXBCR")
Change component parameters (AddParameter): Name = "LatestRevisionDate"; Value = "17-Jul-2002"; VariantName = "[No Variations]"
Change component parameters (AddParameter): Name = "LatestRevisionNote"; Value = "Re-released for DXP Platform."; VariantName = "[No Variations]"
Change component parameters (AddParameter): Name = "PackageReference"; Value = "POLAR0.8"; VariantName = "[No Variations]"
Change component parameters (AddParameter): Name = "Published"; Value = "8-Jun-2000"; VariantName = "[No Variations]"
Change component parameters (AddParameter): Name = "Publisher"; Value = "Altium Limited"; VariantName = "[No Variations]"
Added Component: Designator=Arduino?(Arduino UNO R3)
Add component (AddParameter): Name = "Value"; Value = "Cau 1A"; VariantName = "[No Variations]"
Added Component: Designator=C?(CAP_0402)
Add component (AddParameter): Name = "LatestRevisionDate"; Value = "17-Jul-2002"; VariantName = "[No Variations]"
Add component (AddParameter): Name = "LatestRevisionNote"; Value = "Re-released for DXP Platform."; VariantName = "[No Variations]"
Add component (AddParameter): Name = "PackageReference"; Value = "RAD-0.3"; VariantName = "[No Variations]"
Add component (AddParameter): Name = "Published"; Value = "8-Jun-2000"; VariantName = "[No Variations]"
Add component (AddParameter): Name = "Publisher"; Value = "Altium Limited"; VariantName = "[No Variations]"
Add component (AddParameter): Name = "Value"; Value = "33p"; VariantName = "[No Variations]"
Added Component: Designator=C?(CAP_0402)
Add component (AddParameter): Name = "LatestRevisionDate"; Value = "17-Jul-2002"; VariantName = "[No Variations]"
Add component (AddParameter): Name = "LatestRevisionNote"; Value = "Re-released for DXP Platform."; VariantName = "[No Variations]"
Add component (AddParameter): Name = "PackageReference"; Value = "RAD-0.3"; VariantName = "[No Variations]"
Add component (AddParameter): Name = "Published"; Value = "8-Jun-2000"; VariantName = "[No Variations]"
Add component (AddParameter): Name = "Publisher"; Value = "Altium Limited"; VariantName = "[No Variations]"
Add component (AddParameter): Name = "Value"; Value = "33p"; VariantName = "[No Variations]"
Added Component: Designator=C?(CAP_0402)
Add component (AddParameter): Name = "LatestRevisionDate"; Value = "17-Jul-2002"; VariantName = "[No Variations]"
Add component (AddParameter): Name = "LatestRevisionNote"; Value = "Re-released for DXP Platform."; VariantName = "[No Variations]"
Add component (AddParameter): Name = "PackageReference"; Value = "RAD-0.3"; VariantName = "[No Variations]"
Add component (AddParameter): Name = "Published"; Value = "8-Jun-2000"; VariantName = "[No Variations]"
Add component (AddParameter): Name = "Publisher"; Value = "Altium Limited"; VariantName = "[No Variations]"
Add component (AddParameter): Name = "Value"; Value = "33p"; VariantName = "[No Variations]"
Added Component: Designator=C?(JP2-C1T)
Add component (AddParameter): Name = "ComponentLink1 Description"; Value = "Manufacturer"; VariantName = "[No Variations]"
Add component (AddParameter): Name = "ComponentLink1URL"; Value = "http://www.we-online.com"; VariantName = "[No Variations]"
Add component (AddParameter): Name = "ComponentLink2 Description"; Value = "Datasheet"; VariantName = "[No Variations]"
Add component (AddParameter): Name = "ComponentLink2URL"; Value = "http://katalog.we-online.de/em/datasheet/6130xx143121.pdf"; VariantName = "[No Variations]"
Add component (AddParameter): Name = "Created by"; Value = "Karrer Zheng"; VariantName = "[No Variations]"
Add component (AddParameter): Name = "Created Date"; Value = "29 March 2013"; VariantName = "[No Variations]"
Add component (AddParameter): Name = "Manufacturer"; Value = "W¨¹rth Elektronik eiSos GmbH"; VariantName = "[No Variations]"
Add component (AddParameter): Name = "NoPins"; Value = "02"; VariantName = "[No Variations]"
Add component (AddParameter): Name = "partNo"; Value = "613002143121"; VariantName = "[No Variations]"
Added Component: Designator=IC?(SOIC-8)
Added Component: Designator=IC?(SOIC-8)
Added Component: Designator=JP2(CON6)
Add component (AddParameter): Name = "Value"; Value = "Connector 6"; VariantName = "[No Variations]"
Added Component: Designator=JP?(CON6)
Add component (AddParameter): Name = "Value"; Value = "Connector 6"; VariantName = "[No Variations]"
Added Component: Designator=JP?(CON3)
Add component (AddParameter): Name = "Value"; Value = "Connector 3"; VariantName = "[No Variations]"
Added Component: Designator=JP?(CON3)
Add component (AddParameter): Name = "Value"; Value = "Connector 3"; VariantName = "[No Variations]"
Added Component: Designator=R?(RES-SMD-0101)
Add component (AddParameter): Name = "Class"; Value = "Passive"; VariantName = "[No Variations]"
Add component (AddParameter): Name = "Manufacturer"; Value = "Generic Components"; VariantName = "[No Variations]"
Add component (AddParameter): Name = "Published"; Value = "08/06/2000"; VariantName = "[No Variations]"
Add component (AddParameter): Name = "Publisher"; Value = "Altium Hobart Technology Centre"; VariantName = "[No Variations]"
Added Component: Designator=R?(RES-SMD-0101)
Add component (AddParameter): Name = "Class"; Value = "Passive"; VariantName = "[No Variations]"
Add component (AddParameter): Name = "Manufacturer"; Value = "Generic Components"; VariantName = "[No Variations]"
Add component (AddParameter): Name = "Published"; Value = "08/06/2000"; VariantName = "[No Variations]"
Add component (AddParameter): Name = "Publisher"; Value = "Altium Hobart Technology Centre"; VariantName = "[No Variations]"
Added Component: Designator=R?(RES-SMD-0101)
Add component (AddParameter): Name = "Class"; Value = "Passive"; VariantName = "[No Variations]"
Add component (AddParameter): Name = "Manufacturer"; Value = "Generic Components"; VariantName = "[No Variations]"
Add component (AddParameter): Name = "Published"; Value = "08/06/2000"; VariantName = "[No Variations]"
Add component (AddParameter): Name = "Publisher"; Value = "Altium Hobart Technology Centre"; VariantName = "[No Variations]"
Added Component: Designator=R?(RES-SMD-0101)
Add component (AddParameter): Name = "Class"; Value = "Passive"; VariantName = "[No Variations]"
Add component (AddParameter): Name = "Manufacturer"; Value = "Generic Components"; VariantName = "[No Variations]"
Add component (AddParameter): Name = "Published"; Value = "08/06/2000"; VariantName = "[No Variations]"
Add component (AddParameter): Name = "Publisher"; Value = "Altium Hobart Technology Centre"; VariantName = "[No Variations]"
Added Component: Designator=R?(RES-SMD-0101)
Add component (AddParameter): Name = "Class"; Value = "Passive"; VariantName = "[No Variations]"
Add component (AddParameter): Name = "Manufacturer"; Value = "Generic Components"; VariantName = "[No Variations]"
Add component (AddParameter): Name = "Published"; Value = "08/06/2000"; VariantName = "[No Variations]"
Add component (AddParameter): Name = "Publisher"; Value = "Altium Hobart Technology Centre"; VariantName = "[No Variations]"
Added Component: Designator=R?(RES-SMD-0101)
Add component (AddParameter): Name = "Class"; Value = "Passive"; VariantName = "[No Variations]"
Add component (AddParameter): Name = "Manufacturer"; Value = "Generic Components"; VariantName = "[No Variations]"
Add component (AddParameter): Name = "Published"; Value = "08/06/2000"; VariantName = "[No Variations]"
Add component (AddParameter): Name = "Publisher"; Value = "Altium Hobart Technology Centre"; VariantName = "[No Variations]"
Added Component: Designator=R?(RES-SMD-0101)
Add component (AddParameter): Name = "Class"; Value = "Passive"; VariantName = "[No Variations]"
Add component (AddParameter): Name = "Manufacturer"; Value = "Generic Components"; VariantName = "[No Variations]"
Add component (AddParameter): Name = "Published"; Value = "08/06/2000"; VariantName = "[No Variations]"
Add component (AddParameter): Name = "Publisher"; Value = "Altium Hobart Technology Centre"; VariantName = "[No Variations]"
Added Component: Designator=R?(RES-SMD-0101)
Add component (AddParameter): Name = "Class"; Value = "Passive"; VariantName = "[No Variations]"
Add component (AddParameter): Name = "Manufacturer"; Value = "Generic Components"; VariantName = "[No Variations]"
Add component (AddParameter): Name = "Published"; Value = "08/06/2000"; VariantName = "[No Variations]"
Add component (AddParameter): Name = "Publisher"; Value = "Altium Hobart Technology Centre"; VariantName = "[No Variations]"
Added Component: Designator=R?(RES-SMD-0101)
Add component (AddParameter): Name = "Class"; Value = "Passive"; VariantName = "[No Variations]"
Add component (AddParameter): Name = "Manufacturer"; Value = "Generic Components"; VariantName = "[No Variations]"
Add component (AddParameter): Name = "Published"; Value = "08/06/2000"; VariantName = "[No Variations]"
Add component (AddParameter): Name = "Publisher"; Value = "Altium Hobart Technology Centre"; VariantName = "[No Variations]"
Added Component: Designator=U4(DIL08)
Add component (AddParameter): Name = "Availability"; Value = "Unavailable"; VariantName = "[No Variations]"
Add component (AddParameter): Name = "MF"; Value = "Infineon"; VariantName = "[No Variations]"
Add component (AddParameter): Name = "MP"; Value = "IR2103"; VariantName = "[No Variations]"
Add component (AddParameter): Name = "Package"; Value = "DIP-8 International Rectifier"; VariantName = "[No Variations]"
Add component (AddParameter): Name = "Price"; Value = "None"; VariantName = "[No Variations]"
Add component (AddParameter): Name = "SnapEDA_Link"; Value = "https://www.snapeda.com/parts/IR2103/Infineon%20Technologies/view-part/41870/?ref=snap"; VariantName = "[No Variations]"
Add component (AddParameter): Name = "Value"; Value = ""; VariantName = "[No Variations]"
Added Pin To Net: NetName=LI3 Pin=Arduino?-8
Added Pin To Net: NetName=LI1 Pin=Arduino?-12
Added Pin To Net: NetName=HI1 Pin=Arduino?-13
Added Pin To Net: NetName=GND Pin=Arduino?-GND
Added Pin To Net: NetName=GND Pin=Arduino?-GND
Added Pin To Net: NetName=GND Pin=Arduino?-GND
Added Pin To Net: NetName=GND Pin=Arduino?-GND
Added Pin To Net: NetName=GND Pin=Arduino?-GND
Added Pin To Net: NetName=GND Pin=Arduino?-GND
Added Pin To Net: NetName=VCC Pin=Arduino?-Vin
Added Pin To Net: NetName=HI3 Pin=Arduino?-~9
Added Pin To Net: NetName=LI2 Pin=Arduino?-~10
Added Pin To Net: NetName=HI2 Pin=Arduino?-~11
Added Pin To Net: NetName=VCC Pin=C2-1
Added Pin To Net: NetName=VCC Pin=C7-1
Added Pin To Net: NetName=+24V Pin=C9-1
Added Pin To Net: NetName=GND Pin=C9-2
Added Pin To Net: NetName=+24V Pin=C10-1
Added Pin To Net: NetName=GND Pin=C10-2
Added Pin To Net: NetName=+24V Pin=C11-1
Added Pin To Net: NetName=GND Pin=C11-2
Added Pin To Net: NetName=GND Pin=C?-1
Added Pin To Net: NetName=GND Pin=C?-1
Added Pin To Net: NetName=GND Pin=C?-1
Added Pin To Net: NetName=GND Pin=C?-1
Added Pin To Net: NetName=VCC Pin=C?-2
Added Pin To Net: NetName=VCC Pin=IC?-8
Added Pin To Net: NetName=VCC Pin=IC?-8
Added Pin To Net: NetName=VCC Pin=L1-2
Added Pin To Net: NetName=GND Pin=R?-2
Added Pin To Net: NetName=GND Pin=R?-2
Added Pin To Net: NetName=GND Pin=R?-2
Added Pin To Net: NetName=NetQ1_1 Pin=R?-2
Added Pin To Net: NetName=NetQ2_1 Pin=R?-2
Added Pin To Net: NetName=NetQ3_1 Pin=R?-2
Added Pin To Net: NetName=NetQ4_1 Pin=R?-2
Added Pin To Net: NetName=NetQ5_1 Pin=R?-2
Added Pin To Net: NetName=NetQ6_1 Pin=R?-2
Added Pin To Net: NetName=HI1 Pin=U1-2
Added Pin To Net: NetName=LI1 Pin=U1-3
Added Pin To Net: NetName=HI2 Pin=U2-2
Added Pin To Net: NetName=LI2 Pin=U2-3
Added Pin To Net: NetName=VCC Pin=U3-4
Added Pin To Net: NetName=VCC Pin=U4-1
Added Pin To Net: NetName=HI3 Pin=U4-2
Added Pin To Net: NetName=LI3 Pin=U4-3
Added Pin To Net: NetName=GND Pin=U4-4
Change Net Name : Old Net Name=+24V New Net Name=24V
Change Net Name : Old Net Name=VCC New Net Name=5V
Added Pin To Net: NetName=A0 Pin=Arduino?-A0
Added Pin To Net: NetName=A0 Pin=IC?-7
Added Net: Name=A0
Added Pin To Net: NetName=A1 Pin=Arduino?-A1
Added Pin To Net: NetName=A1 Pin=IC?-7
Added Net: Name=A1
Added Pin To Net: NetName=A2 Pin=Arduino?-A2
Added Net: Name=A2
Added Pin To Net: NetName=A3 Pin=Arduino?-A3
Added Net: Name=A3
Added Pin To Net: NetName=HO1 Pin=JP2-1
Added Pin To Net: NetName=HO1 Pin=JP?-6
Added Pin To Net: NetName=HO1 Pin=R?-1
Added Pin To Net: NetName=HO1 Pin=U1-7
Added Net: Name=HO1
Added Pin To Net: NetName=HO2 Pin=JP2-3
Added Pin To Net: NetName=HO2 Pin=JP?-4
Added Pin To Net: NetName=HO2 Pin=R?-1
Added Pin To Net: NetName=HO2 Pin=U2-7
Added Net: Name=HO2
Added Pin To Net: NetName=HO3 Pin=JP2-5
Added Pin To Net: NetName=HO3 Pin=JP?-2
Added Pin To Net: NetName=HO3 Pin=R?-1
Added Pin To Net: NetName=HO3 Pin=U4-7
Added Net: Name=HO3
Added Pin To Net: NetName=IP1+ Pin=C4-2
Added Pin To Net: NetName=IP1+ Pin=IC?-1
Added Pin To Net: NetName=IP1+ Pin=IC?-2
Added Pin To Net: NetName=IP1+ Pin=Q1-3
Added Pin To Net: NetName=IP1+ Pin=Q4-2
Added Pin To Net: NetName=IP1+ Pin=U1-6
Added Net: Name=IP1+
Added Pin To Net: NetName=IP1- Pin=IC?-3
Added Pin To Net: NetName=IP1- Pin=IC?-4
Added Net: Name=IP1-
Added Pin To Net: NetName=IP2+ Pin=C6-2
Added Pin To Net: NetName=IP2+ Pin=IC?-1
Added Pin To Net: NetName=IP2+ Pin=IC?-2
Added Pin To Net: NetName=IP2+ Pin=Q2-3
Added Pin To Net: NetName=IP2+ Pin=Q5-2
Added Pin To Net: NetName=IP2+ Pin=U2-6
Added Net: Name=IP2+
Added Pin To Net: NetName=IP2- Pin=IC?-3
Added Pin To Net: NetName=IP2- Pin=IC?-4
Added Net: Name=IP2-
Added Pin To Net: NetName=LO1 Pin=JP2-2
Added Pin To Net: NetName=LO1 Pin=JP?-5
Added Pin To Net: NetName=LO1 Pin=R?-1
Added Pin To Net: NetName=LO1 Pin=U1-5
Added Net: Name=LO1
Added Pin To Net: NetName=LO2 Pin=JP2-4
Added Pin To Net: NetName=LO2 Pin=JP?-3
Added Pin To Net: NetName=LO2 Pin=R?-1
Added Pin To Net: NetName=LO2 Pin=U2-5
Added Net: Name=LO2
Added Pin To Net: NetName=LO3 Pin=JP2-6
Added Pin To Net: NetName=LO3 Pin=JP?-1
Added Pin To Net: NetName=LO3 Pin=R?-1
Added Pin To Net: NetName=LO3 Pin=U4-5
Added Net: Name=LO3
Added Pin To Net: NetName=NetC4_1 Pin=C4-1
Added Pin To Net: NetName=NetC4_1 Pin=D2-2
Added Pin To Net: NetName=NetC4_1 Pin=U1-8
Added Net: Name=NetC4_1
Added Pin To Net: NetName=NetC6_1 Pin=C6-1
Added Pin To Net: NetName=NetC6_1 Pin=D3-2
Added Pin To Net: NetName=NetC6_1 Pin=U2-8
Added Net: Name=NetC6_1
Added Pin To Net: NetName=NetC8_1 Pin=C8-1
Added Pin To Net: NetName=NetC8_1 Pin=D4-2
Added Pin To Net: NetName=NetC8_1 Pin=U4-8
Added Net: Name=NetC8_1
Added Pin To Net: NetName=NetC?_2 Pin=C?-2
Added Pin To Net: NetName=NetC?_2 Pin=R?-1
Added Net: Name=NetC?_2
Added Pin To Net: NetName=OUT1 Pin=JP?-1
Added Pin To Net: NetName=OUT1 Pin=JP?-1
Added Net: Name=OUT1
Added Pin To Net: NetName=OUT2 Pin=JP?-2
Added Pin To Net: NetName=OUT2 Pin=JP?-2
Added Net: Name=OUT2
Added Pin To Net: NetName=OUT3 Pin=C8-2
Added Pin To Net: NetName=OUT3 Pin=JP?-3
Added Pin To Net: NetName=OUT3 Pin=JP?-3
Added Pin To Net: NetName=OUT3 Pin=Q3-3
Added Pin To Net: NetName=OUT3 Pin=Q6-2
Added Pin To Net: NetName=OUT3 Pin=U4-6
Added Net: Name=OUT3
Added Pin To Net: NetName=V1+ Pin=C?-2
Added Pin To Net: NetName=V1+ Pin=R?-1
Added Net: Name=V1+
Added Pin To Net: NetName=V2+ Pin=C?-2
Added Pin To Net: NetName=V2+ Pin=R?-1
Added Net: Name=V2+
Change Class Name : Old Net Name=DKS New Net Name=Driver
Added Class: Name=Current_Voltage_Sensor
Added Class: Name=Filter_Load
Added Class: Name=IGBT
Added Class: Name=MCU
Added Class: Name=Power_Supply
Added Member To Class: ClassName=Driver Member=Component C? JP2
Added Member To Class: ClassName=Driver Member=Component JP2 JP6
Added Member To Class: ClassName=Driver Member=Component JP? JP3
Added Member To Class: ClassName=Driver Member=Component U4 IR2103
Added Room: Name=Current_Voltage_Sensor
Added Room: Name=Driver
Added Room: Name=Filter_Load
Added Room: Name=IGBT
Added Room: Name=MCU
Added Room: Name=Power_Supply
