Removed Pin From Net: NetName=LI3 Pin=Arduino1-8
Removed Pin From Net: NetName=LI1 Pin=Arduino1-12
Removed Pin From Net: NetName=HI1 Pin=Arduino1-13
Removed Pin From Net: NetName=5V Pin=Arduino1-Vin
Removed Pin From Net: NetName=HI3 Pin=Arduino1-~9
Removed Pin From Net: NetName=LI2 Pin=Arduino1-~10
Removed Pin From Net: NetName=HI2 Pin=Arduino1-~11
Removed Pin From Net: NetName=LO3 Pin=JP4-1
Removed Pin From Net: NetName=HO3 Pin=JP4-2
Removed Pin From Net: NetName=LO2 Pin=JP4-3
Removed Pin From Net: NetName=HO2 Pin=JP4-4
Removed Pin From Net: NetName=LO1 Pin=JP4-5
Removed Pin From Net: NetName=HO1 Pin=JP4-6
Removed Pin From Net: NetName=OUT3 Pin=JP5-3
Removed Member From Class: ClassName=Driver Member=C12
Removed Member From Class: ClassName=IGBT Member=JP4
Removed Member From Class: ClassName=IGBT Member=JP5
Change Component Designator: OldDesignator=C7 NewDesignator=C8
Change Component Designator: OldDesignator=C8 NewDesignator=C9
Change Component Designator: OldDesignator=C9 NewDesignator=C10
Change Component Designator: OldDesignator=C10 NewDesignator=C11
Change Component Designator: OldDesignator=C11 NewDesignator=C12
Change Component Designator: OldDesignator=C12 NewDesignator=C7
Change Component Designator: OldDesignator=U1 NewDesignator=U2
Change Component Designator: OldDesignator=U2 NewDesignator=U3
Change Component Designator: OldDesignator=U3 NewDesignator=U1
Add component: Footprint Not Found SOIC-8
Add component: Footprint Not Found L/0.4
Add component: Footprint Not Found L/0.4
Add component: Footprint Not Found L/0.4
Added Pin To Net: NetName=LI3 Pin=Arduino1-~3
Added Pin To Net: NetName=HI3 Pin=Arduino1-~5
Added Pin To Net: NetName=LI2 Pin=Arduino1-~6
Added Pin To Net: NetName=HI2 Pin=Arduino1-~9
Added Pin To Net: NetName=LI1 Pin=Arduino1-~10
Added Pin To Net: NetName=HI1 Pin=Arduino1-~11
Add Pin To Net: Unknown Pin: Pin IC3-1
Add Pin To Net: Unknown Pin: Pin IC3-2
Add Pin To Net: Unknown Pin: Pin IC3-7
Add Pin To Net: Unknown Pin: Pin IC3-8
Add Pin To Net: Unknown Pin: Pin L2-1
Add Pin To Net: Unknown Pin: Pin L2-2
Add Pin To Net: Unknown Pin: Pin L3-1
Add Pin To Net: Unknown Pin: Pin L3-2
Add Pin To Net: Unknown Pin: Pin U5-1
Add Pin To Net: Unknown Pin: Pin U5-2
Add Pin To Net: Unknown Pin: Pin U5-3
Add Pin To Net: Unknown Pin: Pin U5-5
Add Pin To Net: Unknown Pin: Pin U5-6
Add Pin To Net: Unknown Pin: Pin U6-1
Add Pin To Net: Unknown Pin: Pin U6-3
Add Pin To Net: Unknown Pin: Pin U6-5
Add Pin To Net: Unknown Pin: Pin U6-6
Add Pin To Net: Unknown Pin: Pin U7-1
Add Pin To Net: Unknown Pin: Pin U7-2
Add Pin To Net: Unknown Pin: Pin U7-3
Add Pin To Net: Unknown Pin: Pin U7-6
Change Net Name : Old Net Name=NetC8_1 New Net Name=NetC9_1
Change Net Name : Old Net Name=OUT3 New Net Name=IP3+
Added Pin To Net: NetName=+5 Pin=Arduino1-5V
Added Net: Name=+5
Added Pin To Net: NetName=A4 Pin=Arduino1-A4
Added Net: Name=A4
Added Pin To Net: NetName=A5 Pin=Arduino1-A5
Added Net: Name=A5
Added Net: Name=IP3-
Added Pin To Net: NetName=V3+ Pin=C15-2
Added Pin To Net: NetName=V3+ Pin=R9-1
Added Net: Name=V3+
Added Member To Class: ClassName=Driver Member=Component C9 10uF/25V
Add Class Member: Failed to add class member : Component IC3 Current Sensor IC
Add Class Member: Failed to add class member : Component L2 3.3mH
Add Class Member: Failed to add class member : Component L3 3.3mH
Add Class Member: Failed to add class member : Component L4 3.3mH
Added Member To Class: ClassName=Driver Member=Component U3 IR2103
Add Class Member: Failed to add class member : Component U5 ZMPT101B
Add Class Member: Failed to add class member : Component U6 ZMPT101B
Add Class Member: Failed to add class member : Component U7 ZMPT101B
Added Room: Name=Driver
Added Rule: Name=Schematic Supply Nets
Added Rule: Name=Schematic Supply Nets_1
Added Rule: Name=Schematic Supply Nets_2
Added Rule: Name=Schematic Supply Nets_3
