Removed Pin From Net: NetName=NetD2_2 Pin=D2-2
Removed Pin From Net: NetName=NetD3_2 Pin=D3-2
Removed Pin From Net: NetName=NetD4_2 Pin=D4-2
Removed Pin From Net: NetName=NetD3_2 Pin=U1-8
Removed Pin From Net: NetName=NetD4_2 Pin=U2-8
Removed Pin From Net: NetName=NetD2_2 Pin=U-8
Added Component: Designator=C12(C3MM)
Add component (AddParameter): Name = "LatestRevisionDate"; Value = "17-Jul-2002"; VariantName = "[No Variations]"
Add component (AddParameter): Name = "LatestRevisionNote"; Value = "Re-released for DXP Platform."; VariantName = "[No Variations]"
Add component (AddParameter): Name = "PackageReference"; Value = "POLAR0.8"; VariantName = "[No Variations]"
Add component (AddParameter): Name = "Published"; Value = "8-Jun-2000"; VariantName = "[No Variations]"
Add component (AddParameter): Name = "Publisher"; Value = "Altium Limited"; VariantName = "[No Variations]"
Added Component: Designator=C13(C3MM)
Add component (AddParameter): Name = "LatestRevisionDate"; Value = "17-Jul-2002"; VariantName = "[No Variations]"
Add component (AddParameter): Name = "LatestRevisionNote"; Value = "Re-released for DXP Platform."; VariantName = "[No Variations]"
Add component (AddParameter): Name = "PackageReference"; Value = "POLAR0.8"; VariantName = "[No Variations]"
Add component (AddParameter): Name = "Published"; Value = "8-Jun-2000"; VariantName = "[No Variations]"
Add component (AddParameter): Name = "Publisher"; Value = "Altium Limited"; VariantName = "[No Variations]"
Added Component: Designator=C14(C3MM)
Add component (AddParameter): Name = "LatestRevisionDate"; Value = "17-Jul-2002"; VariantName = "[No Variations]"
Add component (AddParameter): Name = "LatestRevisionNote"; Value = "Re-released for DXP Platform."; VariantName = "[No Variations]"
Add component (AddParameter): Name = "PackageReference"; Value = "POLAR0.8"; VariantName = "[No Variations]"
Add component (AddParameter): Name = "Published"; Value = "8-Jun-2000"; VariantName = "[No Variations]"
Add component (AddParameter): Name = "Publisher"; Value = "Altium Limited"; VariantName = "[No Variations]"
Added Pin To Net: NetName=NetD2_2 Pin=C12-2
Added Pin To Net: NetName=NetD3_2 Pin=C13-2
Added Pin To Net: NetName=NetD4_2 Pin=C14-2
Change Net Name : Old Net Name=NetD2_2 New Net Name=NetC12_2
Change Net Name : Old Net Name=NetD3_2 New Net Name=NetC13_2
Change Net Name : Old Net Name=NetD4_2 New Net Name=NetC14_2
Added Pin To Net: NetName=NetC12_1 Pin=C12-1
Added Pin To Net: NetName=NetC12_1 Pin=D2-2
Added Pin To Net: NetName=NetC12_1 Pin=U-8
Added Net: Name=NetC12_1
Added Pin To Net: NetName=NetC13_1 Pin=C13-1
Added Pin To Net: NetName=NetC13_1 Pin=D3-2
Added Pin To Net: NetName=NetC13_1 Pin=U1-8
Added Net: Name=NetC13_1
Added Pin To Net: NetName=NetC14_1 Pin=C14-1
Added Pin To Net: NetName=NetC14_1 Pin=D4-2
Added Pin To Net: NetName=NetC14_1 Pin=U2-8
Added Net: Name=NetC14_1
Added Member To Class: ClassName=DKS Member=Component C4 104
Added Member To Class: ClassName=DKS Member=Component C12 Cap Pol
Added Member To Class: ClassName=DKS Member=Component C13 Cap Pol
Added Member To Class: ClassName=DKS Member=Component C14 Cap Pol
Added Member To Class: ClassName=DKS Member=Component C 0.1uF
Added Member To Class: ClassName=DKS Member=Component D4 Diode
Added Member To Class: ClassName=DKS Member=Component Q5 IRF840
Added Member To Class: ClassName=DKS Member=Component R2 1k
Added Member To Class: ClassName=DKS Member=Component r 6.6m
Added Member To Class: ClassName=DKS Member=Component r 6.6m
Added Room: Name=DKS
