Change Component Designator: OldDesignator=C? NewDesignator=C3
Change Component Designator: OldDesignator=C? NewDesignator=C4
Change Component Designator: OldDesignator=C? NewDesignator=C5
Change Component Designator: OldDesignator=C? NewDesignator=C6
Change Component Designator: OldDesignator=C? NewDesignator=C7
Change Component Designator: OldDesignator=C? NewDesignator=C8
Change Component Designator: OldDesignator=C? NewDesignator=C9
Change Component Designator: OldDesignator=C? NewDesignator=C10
Change Component Designator: OldDesignator=C? NewDesignator=C11
Change Component Designator: OldDesignator=D? NewDesignator=D2
Change Component Designator: OldDesignator=D? NewDesignator=D3
Change Component Designator: OldDesignator=D? NewDesignator=D4
Change Component Designator: OldDesignator=HD? NewDesignator=HD1
Change Component Designator: OldDesignator=IC? NewDesignator=IC1
Change Component Designator: OldDesignator=JP? NewDesignator=JP1
Change Component Designator: OldDesignator=Q? NewDesignator=Q1
Change Component Designator: OldDesignator=Q? NewDesignator=Q2
Change Component Designator: OldDesignator=Q? NewDesignator=Q3
Change Component Designator: OldDesignator=Q? NewDesignator=Q4
Change Component Designator: OldDesignator=Q? NewDesignator=Q5
Change Component Designator: OldDesignator=Q? NewDesignator=Q6
Change Component Designator: OldDesignator=R? NewDesignator=R1
Change Component Designator: OldDesignator=R? NewDesignator=R2
Change Component Designator: OldDesignator=R? NewDesignator=R3
Change Component Designator: OldDesignator=U? NewDesignator=U1
Change Component Designator: OldDesignator=U? NewDesignator=U2
Change Component Designator: OldDesignator=U? NewDesignator=U3
Change Net Name : Old Net Name=NetC?_2 New Net Name=NetC10_2
Change Net Name : Old Net Name=NetD?_2 New Net Name=NetD2_2
Change Net Name : Old Net Name=NetHD?_1 New Net Name=NetHD1_1
Change Net Name : Old Net Name=NetHD?_2 New Net Name=NetHD1_2
Change Net Name : Old Net Name=NetQ?_1 New Net Name=NetQ3_1
Added Pin To Net: NetName=NetC9_2 Pin=C9-2
Added Pin To Net: NetName=NetC9_2 Pin=r-2
Added Pin To Net: NetName=NetC9_2 Pin=R1-1
Added Net: Name=NetC9_2
Added Pin To Net: NetName=NetC11_2 Pin=C11-2
Added Pin To Net: NetName=NetC11_2 Pin=r-2
Added Pin To Net: NetName=NetC11_2 Pin=R3-1
Added Net: Name=NetC11_2
Added Pin To Net: NetName=NetD3_2 Pin=D3-2
Added Pin To Net: NetName=NetD3_2 Pin=Q2-3
Added Pin To Net: NetName=NetD3_2 Pin=Q5-2
Added Pin To Net: NetName=NetD3_2 Pin=U1-6
Added Pin To Net: NetName=NetD3_2 Pin=U1-8
Added Net: Name=NetD3_2
Added Pin To Net: NetName=NetD4_2 Pin=D4-2
Added Pin To Net: NetName=NetD4_2 Pin=Q3-3
Added Pin To Net: NetName=NetD4_2 Pin=Q6-2
Added Pin To Net: NetName=NetD4_2 Pin=U2-6
Added Pin To Net: NetName=NetD4_2 Pin=U2-8
Added Net: Name=NetD4_2
Added Pin To Net: NetName=NetL2_2 Pin=r-1
Added Net: Name=NetL2_2
Added Pin To Net: NetName=NetL3_2 Pin=r-1
Added Net: Name=NetL3_2
Added Pin To Net: NetName=NetL4_2 Pin=r-1
Added Net: Name=NetL4_2
Added Pin To Net: NetName=NetQ1_1 Pin=Q1-1
Added Pin To Net: NetName=NetQ1_1 Pin=U-7
Added Net: Name=NetQ1_1
Added Pin To Net: NetName=NetQ2_1 Pin=Q2-1
Added Pin To Net: NetName=NetQ2_1 Pin=U1-7
Added Net: Name=NetQ2_1
Added Pin To Net: NetName=NetQ4_1 Pin=Q4-1
Added Pin To Net: NetName=NetQ4_1 Pin=U-5
Added Net: Name=NetQ4_1
Added Pin To Net: NetName=NetQ5_1 Pin=Q5-1
Added Pin To Net: NetName=NetQ5_1 Pin=U1-5
Added Net: Name=NetQ5_1
Added Pin To Net: NetName=NetQ6_1 Pin=Q6-1
Added Pin To Net: NetName=NetQ6_1 Pin=U2-5
Added Net: Name=NetQ6_1
Added Member To Class: ClassName=DKS Member=Component C3 104
Added Member To Class: ClassName=DKS Member=Component C5 104
Added Member To Class: ClassName=DKS Member=Component C6 104
Added Member To Class: ClassName=DKS Member=Component C7 104
Added Member To Class: ClassName=DKS Member=Component C8 104
Added Member To Class: ClassName=DKS Member=Component C9 47uF
Added Member To Class: ClassName=DKS Member=Component C10 47uF
Added Member To Class: ClassName=DKS Member=Component C11 47uF
Added Member To Class: ClassName=DKS Member=Component C 0.1uF
Added Member To Class: ClassName=DKS Member=Component D2 Diode
Added Member To Class: ClassName=DKS Member=Component D3 Diode
Added Member To Class: ClassName=DKS Member=Component Q1 IRF840
Added Member To Class: ClassName=DKS Member=Component Q2 IRF840
Added Member To Class: ClassName=DKS Member=Component Q3 IRF840
Added Member To Class: ClassName=DKS Member=Component Q4 IRF840
Added Member To Class: ClassName=DKS Member=Component Q6 IRF840
Added Member To Class: ClassName=DKS Member=Component R1 1k
Added Member To Class: ClassName=DKS Member=Component R3 1k
Added Member To Class: ClassName=DKS Member=Component r 6.6m
Added Member To Class: ClassName=DKS Member=Component r 6.6m
Added Member To Class: ClassName=DKS Member=Component U1 IR2103
Added Member To Class: ClassName=DKS Member=Component U3 LM2976
Added Room: Name=DKS
