Change Component Designator: Old Designator=C? New Designator=C9
Change Component Designator: Old Designator=C? New Designator=C10
Change Component Designator: Old Designator=C? New Designator=C11
Change Component Designator: Old Designator=C? New Designator=C12
Change Component Designator: Old Designator=C? New Designator=C13
Change Component Designator: Old Designator=C? New Designator=C14
Change Component Designator: Old Designator=L? New Designator=L2
Change Component Designator: Old Designator=L? New Designator=L3
Change Component Designator: Old Designator=L? New Designator=L4
Change Component Designator: Old Designator=Q? New Designator=Q1
Change Component Designator: Old Designator=Q? New Designator=Q2
Change Component Designator: Old Designator=Q? New Designator=Q3
Change Component Designator: Old Designator=Q? New Designator=Q4
Change Component Designator: Old Designator=Q? New Designator=Q5
Change Component Designator: Old Designator=Q? New Designator=Q6
Change Component Designator: Old Designator=r? New Designator=r1
Change Component Designator: Old Designator=R? New Designator=R2
Change Component Designator: Old Designator=r? New Designator=r3
Change Component Designator: Old Designator=R? New Designator=R4
Change Component Designator: Old Designator=r? New Designator=r5
Change Component Designator: Old Designator=R? New Designator=R6
